<?xml version="1.0" encoding="UTF-8"?>
<!-- Generated by org.testng.reporters.JUnitReportReporter -->
<testsuite skipped="0" hostname="IBM460-PC0BY5PW" name="com.NHSBA.Tests.TestNGRunner" tests="8" failures="0" timestamp="23 Mar 2020 17:32:25 GMT" time="104.496" errors="0">
  <testcase name="runScenario" time="11.753" classname="com.NHSBA.Tests.TestNGRunner"/>
  <testcase name="runScenario" time="11.850" classname="com.NHSBA.Tests.TestNGRunner"/>
  <testcase name="runScenario" time="11.686" classname="com.NHSBA.Tests.TestNGRunner"/>
  <testcase name="runScenario" time="11.362" classname="com.NHSBA.Tests.TestNGRunner"/>
  <testcase name="runScenario" time="16.345" classname="com.NHSBA.Tests.TestNGRunner"/>
  <testcase name="runScenario" time="19.136" classname="com.NHSBA.Tests.TestNGRunner"/>
  <testcase name="runScenario" time="11.547" classname="com.NHSBA.Tests.TestNGRunner"/>
  <testcase name="runScenario" time="10.817" classname="com.NHSBA.Tests.TestNGRunner"/>
</testsuite> <!-- com.NHSBA.Tests.TestNGRunner -->
