<?xml version="1.0" encoding="UTF-8"?>
<!-- Generated by org.testng.reporters.JUnitReportReporter -->
<testsuite skipped="0" hostname="IBM460-PC0BY5PW" name="com.NHSBSA_Assignment.NHSBSA_Project.AppTest" tests="1" failures="0" timestamp="23 Mar 2020 17:32:25 GMT" time="0.000" errors="0">
  <testcase name="testApp" time="0.000" classname="com.NHSBSA_Assignment.NHSBSA_Project.AppTest"/>
</testsuite> <!-- com.NHSBSA_Assignment.NHSBSA_Project.AppTest -->
