<?xml version="1.0" encoding="UTF-8"?>
<!-- Generated by org.testng.reporters.JUnitReportReporter -->
<testsuite skipped="0" hostname="IBM460-PC0BY5PW" name="com.NHSBA.Tests.TestNGRunner" tests="8" failures="0" timestamp="23 Mar 2020 17:21:24 GMT" time="113.225" errors="0">
  <testcase name="runScenario" time="11.319" classname="com.NHSBA.Tests.TestNGRunner"/>
  <testcase name="runScenario" time="16.926" classname="com.NHSBA.Tests.TestNGRunner"/>
  <testcase name="runScenario" time="17.272" classname="com.NHSBA.Tests.TestNGRunner"/>
  <testcase name="runScenario" time="11.147" classname="com.NHSBA.Tests.TestNGRunner"/>
  <testcase name="runScenario" time="16.244" classname="com.NHSBA.Tests.TestNGRunner"/>
  <testcase name="runScenario" time="12.764" classname="com.NHSBA.Tests.TestNGRunner"/>
  <testcase name="runScenario" time="13.783" classname="com.NHSBA.Tests.TestNGRunner"/>
  <testcase name="runScenario" time="13.770" classname="com.NHSBA.Tests.TestNGRunner"/>
</testsuite> <!-- com.NHSBA.Tests.TestNGRunner -->
